<?xml version="1.0" encoding="UTF-8"?>
<Site BuildName="Win32-mingw32-make"
	BuildStamp="20231113-1606-Experimental"
	Name="Riccardo"
	Generator="ctest-3.28.0-rc1"
	CompilerName="C:/msys64/mingw64/bin/g++.exe"
	CompilerVersion="13.2.0"
	OSName="Windows"
	Hostname="Riccardo"
	OSRelease=" Professional"
	OSVersion=" (Build 22631)"
	OSPlatform="AMD64"
	Is64Bits="1"
	VendorString="AuthenticAMD"
	VendorID="Advanced Micro Devices"
	FamilyID="15"
	ModelID="1"
	ProcessorCacheSize="64"
	NumberOfLogicalCPU="16"
	NumberOfPhysicalCPU="8"
	TotalVirtualMemory="33952"
	TotalPhysicalMemory="31904"
	LogicalProcessorsPerPhysical="2"
	ProcessorClockFrequency="4199"
	>
	<Testing>
		<StartDateTime>Nov 13 17:55 ora solare Europa occidentale</StartDateTime>
		<StartTestTime>1699894519</StartTestTime>
		<TestList/>
		<EndDateTime>Nov 13 17:55 ora solare Europa occidentale</EndDateTime>
		<EndTestTime>1699894519</EndTestTime>
		<ElapsedMinutes>0</ElapsedMinutes>
	</Testing>
</Site>
